<?xml version="1.0" encoding="UTF-8"?>
<!-- Generated by org.testng.reporters.JUnitReportReporter -->
<testsuite skipped="0" hostname="DESKTOP-D57DGKG" name="restAssured.GetHeader" tests="1" failures="0" timestamp="2020-04-18T18:19:36 IST" time="4.806" errors="0">
  <testcase name="getWheraterHeader" time="4.806" classname="restAssured.GetHeader"/>
  <system-out/>
</testsuite> <!-- restAssured.GetHeader -->
