<?xml version="1.0" encoding="UTF-8"?>
<!-- Generated by org.testng.reporters.JUnitReportReporter -->
<testsuite skipped="0" hostname="DESKTOP-D57DGKG" name="restAssured.ExtractNodeText" tests="1" failures="0" timestamp="2020-04-18T21:41:41 IST" time="3.417" errors="0">
  <testcase name="verifyCityINJsonResponse" time="3.417" classname="restAssured.ExtractNodeText"/>
  <system-out/>
</testsuite> <!-- restAssured.ExtractNodeText -->
