<?xml version="1.0" encoding="UTF-8"?>
<!-- Generated by org.testng.reporters.JUnitReportReporter -->
<testsuite skipped="0" hostname="DESKTOP-D57DGKG" name="restAssured.SimpleGetTest" tests="1" failures="0" timestamp="2020-04-18T17:12:02 IST" time="5.758" errors="0">
  <testcase name="getWheatherDetails" time="5.758" classname="restAssured.SimpleGetTest"/>
  <system-out/>
</testsuite> <!-- restAssured.SimpleGetTest -->
