<?xml version="1.0" encoding="UTF-8"?>
<!-- Generated by org.testng.reporters.JUnitReportReporter -->
<testsuite skipped="0" hostname="DESKTOP-D57DGKG" name="restAssured.GetData" tests="1" failures="0" timestamp="2020-04-06T00:25:01 IST" time="3.144" errors="0">
  <testcase name="testResponseCode" time="3.144" classname="restAssured.GetData"/>
  <system-out/>
</testsuite> <!-- restAssured.GetData -->
